<?xml version="1.0" encoding="UTF-8"?>
<testsuite name="UserServiceTest" tests="1" skipped="0" failures="0" errors="0" timestamp="2019-05-06T10:28:51" hostname="Veny" time="0.097">
  <properties/>
  <testcase name="RegisterUser_ShouldCreateNewUser" classname="UserServiceTest" time="0.097"/>
  <system-out><![CDATA[]]></system-out>
  <system-err><![CDATA[]]></system-err>
</testsuite>
